d:\project\c\aexmodule\aexmodule\libs\aexmodule_64.pdb
d:\project\c\aexmodule\aexmodule\x64\release\main.obj
d:\project\c\aexmodule\aexmodule\x64\release\process.obj
d:\project\c\aexmodule\aexmodule\x64\release\thread.obj
d:\project\c\aexmodule\aexmodule\x64\release\network.obj
d:\project\c\aexmodule\aexmodule\x64\release\wingui.obj
d:\project\c\aexmodule\aexmodule\x64\release\file.obj
d:\project\c\aexmodule\aexmodule\x64\release\aexstore.obj
d:\project\c\aexmodule\aexmodule\x64\release\sqlite.obj
d:\project\c\aexmodule\aexmodule\x64\release\r3.obj
d:\project\c\aexmodule\aexmodule\x64\release\vehhook.obj
d:\project\c\aexmodule\aexmodule\x64\release\_msg.obj
d:\project\c\aexmodule\aexmodule\x64\release\picture.obj
d:\project\c\aexmodule\aexmodule\x64\release\panel_msg.obj
d:\project\c\aexmodule\aexmodule\x64\release\panel.obj
d:\project\c\aexmodule\aexmodule\x64\release\label.obj
d:\project\c\aexmodule\aexmodule\x64\release\edit.obj
d:\project\c\aexmodule\aexmodule\x64\release\checkbox.obj
d:\project\c\aexmodule\aexmodule\x64\release\button.obj
d:\project\c\aexmodule\aexmodule\x64\release\winguiplus.obj
d:\project\c\aexmodule\aexmodule\x64\release\kernel32.obj
d:\project\c\aexmodule\aexmodule\x64\release\embeddedcall.obj
d:\project\c\aexmodule\aexmodule\x64\release\encryption.obj
d:\project\c\aexmodule\aexmodule\x64\release\byteset.obj
d:\project\c\aexmodule\aexmodule\x64\release\ntdll.obj
d:\project\c\aexmodule\aexmodule\x64\release\r3hook.obj
d:\project\c\aexmodule\aexmodule\x64\release\text.obj
d:\project\c\aexmodule\aexmodule\x64\release\system.obj
d:\project\c\aexmodule\aexmodule\x64\release\sqlite3.obj
d:\project\c\aexmodule\aexmodule\x64\release\shell.obj
d:\project\c\aexmodule\aexmodule\libs\aexmodule_64.lib
d:\project\c\aexmodule\aexmodule\x64\release\user32.obj
d:\project\c\aexmodule\aexmodule\x64\release\aexmodule.tlog\cl.command.1.tlog
d:\project\c\aexmodule\aexmodule\x64\release\aexmodule.tlog\cl.items.tlog
d:\project\c\aexmodule\aexmodule\x64\release\aexmodule.tlog\cl.read.1.tlog
d:\project\c\aexmodule\aexmodule\x64\release\aexmodule.tlog\cl.write.1.tlog
d:\project\c\aexmodule\aexmodule\x64\release\aexmodule.tlog\lib-link.read.1.tlog
d:\project\c\aexmodule\aexmodule\x64\release\aexmodule.tlog\lib-link.write.1.tlog
d:\project\c\aexmodule\aexmodule\x64\release\aexmodule.tlog\lib.command.1.tlog
