  Doubles.cpp
  Inject.cpp
  R3HOOK.cpp
D:\Project\C\AEXModule\AEXModule\cpp\Memory\R3HOOK.cpp(88,54): warning C4244: “参数”: 从“__int64”转换到“DWORD”，可能丢失数据
  AEXStore.cpp
D:\Project\C\AEXModule\AEXModule\cpp\AEXStore.cpp(118,16): warning C4244: “=”: 从“__int64”转换到“size_t”，可能丢失数据
  kernel32.cpp
  ntdll.cpp
  Byteset.cpp
D:\Project\C\AEXModule\AEXModule\cpp\Byteset.cpp(167,24): warning C4244: “参数”: 从“__int64”转换到“const unsigned int”，可能丢失数据
D:\Project\C\AEXModule\AEXModule\cpp\Byteset.cpp(172,24): warning C4244: “参数”: 从“__int64”转换到“const unsigned int”，可能丢失数据
D:\Project\C\AEXModule\AEXModule\cpp\Byteset.cpp(183,24): warning C4244: “参数”: 从“__int64”转换到“const unsigned int”，可能丢失数据
D:\Project\C\AEXModule\AEXModule\cpp\Byteset.cpp(210,47): warning C4244: “参数”: 从“__int64”转换到“const int”，可能丢失数据
D:\Project\C\AEXModule\AEXModule\cpp\Byteset.cpp(225,51): warning C4244: “参数”: 从“__int64”转换到“const unsigned int”，可能丢失数据
D:\Project\C\AEXModule\AEXModule\cpp\Byteset.cpp(261,49): warning C4244: “参数”: 从“__int64”转换到“const int”，可能丢失数据
D:\Project\C\AEXModule\AEXModule\cpp\Byteset.cpp(261,76): warning C4244: “参数”: 从“__int64”转换到“const int”，可能丢失数据
D:\Project\C\AEXModule\AEXModule\cpp\Byteset.cpp(261,82): warning C4244: “参数”: 从“__int64”转换到“const int”，可能丢失数据
D:\Project\C\AEXModule\AEXModule\cpp\Byteset.cpp(262,50): warning C4244: “参数”: 从“__int64”转换到“const int”，可能丢失数据
D:\Project\C\AEXModule\AEXModule\cpp\Byteset.cpp(281,49): warning C4244: “参数”: 从“__int64”转换到“const int”，可能丢失数据
D:\Project\C\AEXModule\AEXModule\cpp\Byteset.cpp(281,76): warning C4244: “参数”: 从“__int64”转换到“const int”，可能丢失数据
D:\Project\C\AEXModule\AEXModule\cpp\Byteset.cpp(281,82): warning C4244: “参数”: 从“__int64”转换到“const int”，可能丢失数据
  Encryption.cpp
  File.cpp
D:\Project\C\AEXModule\AEXModule\cpp\File.cpp(116,31): warning C4244: “初始化”: 从“__int64”转换到“unsigned int”，可能丢失数据
D:\Project\C\AEXModule\AEXModule\cpp\File.cpp(166,67): warning C4244: “参数”: 从“__int64”转换到“DWORD”，可能丢失数据
D:\Project\C\AEXModule\AEXModule\cpp\File.cpp(197,30): warning C4244: “参数”: 从“__int64”转换到“const unsigned int”，可能丢失数据
D:\Project\C\AEXModule\AEXModule\cpp\File.cpp(199,41): warning C4244: “参数”: 从“__int64”转换到“DWORD”，可能丢失数据
D:\Project\C\AEXModule\AEXModule\cpp\File.cpp(206,57): warning C4244: “参数”: 从“__int64”转换到“DWORD”，可能丢失数据
D:\Project\C\AEXModule\AEXModule\cpp\File.cpp(209,63): warning C4244: “参数”: 从“__int64”转换到“DWORD”，可能丢失数据
D:\Project\C\AEXModule\AEXModule\cpp\File.cpp(224,38): warning C4244: “初始化”: 从“__int64”转换到“size_t”，可能丢失数据
D:\Project\C\AEXModule\AEXModule\cpp\File.cpp(224,27): warning C4244: “初始化”: 从“__int64”转换到“const size_t”，可能丢失数据
  WinGui.cpp
  WinGuiPlus.cpp
  Button.cpp
  CheckBox.cpp
D:\Project\C\AEXModule\AEXModule\cpp\Gui\WinGuiPlus\CheckBox.cpp(22,20): warning C4244: “初始化”: 从“float”转换到“int”，可能丢失数据
  Edit.cpp
  Label.cpp
D:\Project\C\AEXModule\AEXModule\cpp\Gui\WinGuiPlus\Label.cpp(20,20): warning C4244: “初始化”: 从“float”转换到“int”，可能丢失数据
  panel.cpp
  panel_msg.cpp
  Picture.cpp
  _msg.cpp
  EmbeddedCall.cpp
  正在编译...
  VEHhook.cpp
D:\Project\C\AEXModule\AEXModule\cpp\Memory\VEHhook.cpp(205,70): warning C4244: “参数”: 从“__int64”转换到“DWORD”，可能丢失数据
D:\Project\C\AEXModule\AEXModule\cpp\Memory\VEHhook.cpp(385,70): warning C4244: “参数”: 从“__int64”转换到“DWORD”，可能丢失数据
  R3.cpp
D:\Project\C\AEXModule\AEXModule\cpp\Memory\R3.cpp(70,105): warning C4244: “参数”: 从“__int64”转换到“SIZE_T”，可能丢失数据
  Network.cpp
D:\Project\C\AEXModule\AEXModule\cpp\Network.cpp(194,63): warning C4244: “参数”: 从“__int64”转换到“double”，可能丢失数据
D:\Project\C\AEXModule\AEXModule\cpp\Network.cpp(251,54): warning C4244: “参数”: 从“__int64”转换到“double”，可能丢失数据
D:\Project\C\AEXModule\AEXModule\cpp\Network.cpp(266,21): warning C4244: “参数”: 从“__int64”转换到“const unsigned int”，可能丢失数据
D:\Project\C\AEXModule\AEXModule\cpp\Network.cpp(428,50): warning C4244: “参数”: 从“__int64”转换到“double”，可能丢失数据
D:\Project\C\AEXModule\AEXModule\cpp\Network.cpp(482,50): warning C4244: “参数”: 从“__int64”转换到“double”，可能丢失数据
  PortableExecutable.cpp
D:\Project\C\AEXModule\AEXModule\h\PortableExecutable\data.h(73,16): warning C4091: “typedef ”: 没有声明变量时忽略“PE_IMPORT_FUNCTION”的左侧
  (编译源文件“AEXModule/cpp/PortableExecutable.cpp”)
  
D:\Project\C\AEXModule\AEXModule\h\PortableExecutable\data.h(81,16): warning C4091: “typedef ”: 没有声明变量时忽略“PE_EXPORT_FUNCTION”的左侧
  (编译源文件“AEXModule/cpp/PortableExecutable.cpp”)
  
D:\Project\C\AEXModule\AEXModule\cpp\PortableExecutable.cpp(468,33): warning C4244: “=”: 从“DWORD”转换到“WORD”，可能丢失数据
  Process.cpp
  Sqlite.cpp
D:\Project\C\AEXModule\AEXModule\cpp\Sqlite.cpp(113,37): warning C4244: “return”: 从“sqlite3_int64”转换到“int”，可能丢失数据
  System.cpp
  Text.cpp
D:\Project\C\AEXModule\AEXModule\cpp\Text.cpp(196,52): warning C4267: “=”: 从“size_t”转换到“unsigned char”，可能丢失数据
D:\Project\C\AEXModule\AEXModule\cpp\Text.cpp(215,48): warning C4267: “=”: 从“size_t”转换到“unsigned char”，可能丢失数据
  Thread.cpp
D:\Project\C\AEXModule\AEXModule\h\Thread.h(5,15): warning C4091: “typedef ”: 没有声明变量时忽略“Thread”的左侧
  (编译源文件“AEXModule/cpp/Thread.cpp”)
  
  main.cpp
D:\Project\C\AEXModule\AEXModule\h\Thread.h(5,15): warning C4091: “typedef ”: 没有声明变量时忽略“Thread”的左侧
  (编译源文件“main.cpp”)
  
D:\Project\C\AEXModule\AEXModule\h\PortableExecutable\data.h(73,16): warning C4091: “typedef ”: 没有声明变量时忽略“PE_IMPORT_FUNCTION”的左侧
  (编译源文件“main.cpp”)
  
D:\Project\C\AEXModule\AEXModule\h\PortableExecutable\data.h(81,16): warning C4091: “typedef ”: 没有声明变量时忽略“PE_EXPORT_FUNCTION”的左侧
  (编译源文件“main.cpp”)
  
  shell.c
  sqlite3.c
  AEXModule.vcxproj -> D:\Project\C\AEXModule\AEXModule\libs\AEXModule.lib
