d:\project\c\aexmodule\aexmodule\libs\aexmodule.pdb
d:\project\c\aexmodule\aexmodule\release\main.obj
d:\project\c\aexmodule\aexmodule\release\process.obj
d:\project\c\aexmodule\aexmodule\release\thread.obj
d:\project\c\aexmodule\aexmodule\release\network.obj
d:\project\c\aexmodule\aexmodule\release\wingui.obj
d:\project\c\aexmodule\aexmodule\release\file.obj
d:\project\c\aexmodule\aexmodule\release\aexstore.obj
d:\project\c\aexmodule\aexmodule\release\sqlite.obj
d:\project\c\aexmodule\aexmodule\release\r3.obj
d:\project\c\aexmodule\aexmodule\release\vehhook.obj
d:\project\c\aexmodule\aexmodule\release\_msg.obj
d:\project\c\aexmodule\aexmodule\release\picture.obj
d:\project\c\aexmodule\aexmodule\release\panel_msg.obj
d:\project\c\aexmodule\aexmodule\release\panel.obj
d:\project\c\aexmodule\aexmodule\release\label.obj
d:\project\c\aexmodule\aexmodule\release\edit.obj
d:\project\c\aexmodule\aexmodule\release\checkbox.obj
d:\project\c\aexmodule\aexmodule\release\button.obj
d:\project\c\aexmodule\aexmodule\release\winguiplus.obj
d:\project\c\aexmodule\aexmodule\release\kernel32.obj
d:\project\c\aexmodule\aexmodule\release\embeddedcall.obj
d:\project\c\aexmodule\aexmodule\release\encryption.obj
d:\project\c\aexmodule\aexmodule\release\byteset.obj
d:\project\c\aexmodule\aexmodule\release\ntdll.obj
d:\project\c\aexmodule\aexmodule\release\r3hook.obj
d:\project\c\aexmodule\aexmodule\release\text.obj
d:\project\c\aexmodule\aexmodule\release\system.obj
d:\project\c\aexmodule\aexmodule\release\sqlite3.obj
d:\project\c\aexmodule\aexmodule\release\shell.obj
d:\project\c\aexmodule\aexmodule\libs\aexmodule.lib
d:\project\c\aexmodule\aexmodule\release\user32.obj
d:\project\c\aexmodule\aexmodule\release\aexmodule.tlog\cl.command.1.tlog
d:\project\c\aexmodule\aexmodule\release\aexmodule.tlog\cl.items.tlog
d:\project\c\aexmodule\aexmodule\release\aexmodule.tlog\cl.read.1.tlog
d:\project\c\aexmodule\aexmodule\release\aexmodule.tlog\cl.write.1.tlog
d:\project\c\aexmodule\aexmodule\release\aexmodule.tlog\lib-link.read.1.tlog
d:\project\c\aexmodule\aexmodule\release\aexmodule.tlog\lib-link.write.1.tlog
d:\project\c\aexmodule\aexmodule\release\aexmodule.tlog\lib.command.1.tlog
