d:\project\c\aexmodule\aexmodule\libs\aexmodule_64.pdb
d:\project\c\aexmodule\aexmodule\x64\release-mtd\embeddedcall.obj
d:\project\c\aexmodule\aexmodule\x64\release-mtd\_msg.obj
d:\project\c\aexmodule\aexmodule\x64\release-mtd\picture.obj
d:\project\c\aexmodule\aexmodule\x64\release-mtd\panel_msg.obj
d:\project\c\aexmodule\aexmodule\x64\release-mtd\panel.obj
d:\project\c\aexmodule\aexmodule\x64\release-mtd\label.obj
d:\project\c\aexmodule\aexmodule\x64\release-mtd\edit.obj
d:\project\c\aexmodule\aexmodule\x64\release-mtd\checkbox.obj
d:\project\c\aexmodule\aexmodule\x64\release-mtd\button.obj
d:\project\c\aexmodule\aexmodule\x64\release-mtd\winguiplus.obj
d:\project\c\aexmodule\aexmodule\x64\release-mtd\wingui.obj
d:\project\c\aexmodule\aexmodule\x64\release-mtd\file.obj
d:\project\c\aexmodule\aexmodule\x64\release-mtd\encryption.obj
d:\project\c\aexmodule\aexmodule\x64\release-mtd\byteset.obj
d:\project\c\aexmodule\aexmodule\x64\release-mtd\ntdll.obj
d:\project\c\aexmodule\aexmodule\x64\release-mtd\kernel32.obj
d:\project\c\aexmodule\aexmodule\x64\release-mtd\aexstore.obj
d:\project\c\aexmodule\aexmodule\x64\release-mtd\r3hook.obj
d:\project\c\aexmodule\aexmodule\x64\release-mtd\inject.obj
d:\project\c\aexmodule\aexmodule\x64\release-mtd\doubles.obj
d:\project\c\aexmodule\aexmodule\x64\release-mtd\aexmodule.tlog\cl.command.1.tlog
d:\project\c\aexmodule\aexmodule\x64\release-mtd\aexmodule.tlog\cl.read.1.tlog
d:\project\c\aexmodule\aexmodule\x64\release-mtd\aexmodule.tlog\cl.write.1.tlog
